android/app/build/intermediates/manifest_merge_blame_file/debug/manifest-merger-blame-debug-report.txt
1<?xml version="1.0" encoding="utf-8"?>
2<manifest xmlns:android="http://schemas.android.com/apk/res/android"
3    package="com.slmeet"
4    android:versionCode="1004"
5    android:versionName="1.0" >
6
7    <uses-sdk
8        android:minSdkVersion="24"
9        android:targetSdkVersion="31" />
10
11    <uses-permission android:name="android.permission.SYSTEM_ALERT_WINDOW" />
11-->src\main\AndroidManifest.xml:26:5-78
11-->src\main\AndroidManifest.xml:26:22-75
12    <uses-permission android:name="android.permission.INTERNET" /> <!-- OPTIONAL PERMISSIONS, REMOVE WHATEVER YOU DO NOT NEED -->
12-->src\main\AndroidManifest.xml:5:5-67
12-->src\main\AndroidManifest.xml:5:22-64
13    <uses-permission android:name="android.permission.MANAGE_DOCUMENTS" />
13-->src\main\AndroidManifest.xml:7:5-75
13-->src\main\AndroidManifest.xml:7:22-72
14    <uses-permission android:name="android.permission.READ_INTERNAL_STORAGE" />
14-->src\main\AndroidManifest.xml:8:5-80
14-->src\main\AndroidManifest.xml:8:22-77
15    <uses-permission android:name="android.permission.USE_FINGERPRINT" />
15-->src\main\AndroidManifest.xml:10:5-74
15-->src\main\AndroidManifest.xml:10:22-71
16    <uses-permission android:name="android.permission.VIBRATE" />
16-->src\main\AndroidManifest.xml:11:5-66
16-->src\main\AndroidManifest.xml:11:22-63
17    <uses-permission android:name="android.permission.RECEIVE_BOOT_COMPLETED" /> <!-- These require runtime permissions on M -->
17-->src\main\AndroidManifest.xml:12:1-76
17-->src\main\AndroidManifest.xml:12:18-74
18    <uses-permission android:name="android.permission.READ_CONTACTS" />
18-->src\main\AndroidManifest.xml:14:5-72
18-->src\main\AndroidManifest.xml:14:22-69
19    <uses-permission android:name="android.permission.READ_CALENDAR" />
19-->src\main\AndroidManifest.xml:15:5-72
19-->src\main\AndroidManifest.xml:15:22-69
20    <uses-permission android:name="android.permission.WRITE_CALENDAR" />
20-->src\main\AndroidManifest.xml:16:5-73
20-->src\main\AndroidManifest.xml:16:22-70
21    <uses-permission android:name="android.permission.WRITE_SETTINGS" /> <!-- END OPTIONAL PERMISSIONS -->
21-->src\main\AndroidManifest.xml:17:5-73
21-->src\main\AndroidManifest.xml:17:22-70
22    <!-- Permissions for react-native-webrtc -->
23    <uses-permission android:name="android.permission.BLUETOOTH" />
23-->src\main\AndroidManifest.xml:22:5-68
23-->src\main\AndroidManifest.xml:22:22-65
24    <uses-permission android:name="android.permission.CAMERA" />
24-->src\main\AndroidManifest.xml:23:5-65
24-->src\main\AndroidManifest.xml:23:22-62
25    <uses-permission android:name="android.permission.MODIFY_AUDIO_SETTINGS" />
25-->src\main\AndroidManifest.xml:24:5-80
25-->src\main\AndroidManifest.xml:24:22-77
26    <uses-permission android:name="android.permission.RECORD_AUDIO" />
26-->src\main\AndroidManifest.xml:25:5-71
26-->src\main\AndroidManifest.xml:25:22-68
27    <uses-permission android:name="android.permission.WAKE_LOCK" /> <!-- Permissions for react-native-wifi-p2p -->
27-->src\main\AndroidManifest.xml:27:5-68
27-->src\main\AndroidManifest.xml:27:22-65
28    <uses-permission
28-->src\main\AndroidManifest.xml:30:5-102
29        android:name="android.permission.ACCESS_FINE_LOCATION"
29-->src\main\AndroidManifest.xml:30:46-100
30        android:required="true" />
30-->src\main\AndroidManifest.xml:30:22-45
31    <uses-permission
31-->src\main\AndroidManifest.xml:31:5-104
32        android:name="android.permission.ACCESS_COARSE_LOCATION"
32-->src\main\AndroidManifest.xml:31:46-102
33        android:required="true" />
33-->src\main\AndroidManifest.xml:31:22-45
34    <uses-permission
34-->src\main\AndroidManifest.xml:32:5-99
35        android:name="android.permission.ACCESS_WIFI_STATE"
35-->src\main\AndroidManifest.xml:32:46-97
36        android:required="true" />
36-->src\main\AndroidManifest.xml:32:22-45
37    <uses-permission
37-->src\main\AndroidManifest.xml:33:5-99
38        android:name="android.permission.CHANGE_WIFI_STATE"
38-->src\main\AndroidManifest.xml:33:46-97
39        android:required="true" />
39-->src\main\AndroidManifest.xml:33:22-45
40    <uses-permission android:name="android.permission.WRITE_EXTERNAL_STORAGE" />
40-->src\main\AndroidManifest.xml:34:5-81
40-->src\main\AndroidManifest.xml:34:22-78
41    <uses-permission android:name="android.permission.READ_EXTERNAL_STORAGE" />
41-->src\main\AndroidManifest.xml:35:5-79
41-->src\main\AndroidManifest.xml:35:22-77
42
43    <uses-feature android:name="android.hardware.camera" />
43-->src\main\AndroidManifest.xml:37:5-60
43-->src\main\AndroidManifest.xml:37:19-57
44    <uses-feature android:name="android.hardware.camera.autofocus" />
44-->src\main\AndroidManifest.xml:38:5-69
44-->src\main\AndroidManifest.xml:38:19-67
45
46    <uses-permission android:name="android.permission.BIND_TELECOM_CONNECTION_SERVICE" />
46-->src\main\AndroidManifest.xml:39:5-89
46-->src\main\AndroidManifest.xml:39:22-87
47    <uses-permission android:name="android.permission.FOREGROUND_SERVICE" />
47-->src\main\AndroidManifest.xml:40:5-77
47-->src\main\AndroidManifest.xml:40:22-74
48    <uses-permission
48-->src\main\AndroidManifest.xml:41:5-75
49        android:name="android.permission.READ_PHONE_STATE"
49-->src\main\AndroidManifest.xml:41:22-72
50        android:maxSdkVersion="29" />
50-->[:react-native-callkeep] AndroidManifest.xml:12:9-35
51    <uses-permission android:name="android.permission.CALL_PHONE" />
51-->src\main\AndroidManifest.xml:42:5-69
51-->src\main\AndroidManifest.xml:42:22-66
52    <uses-permission android:name="android.permission.ACCESS_NETWORK_STATE" />
52-->src\main\AndroidManifest.xml:43:5-78
52-->src\main\AndroidManifest.xml:43:22-76
53    <uses-permission android:name="android.permission.READ_PHONE_NUMBERS" />
53-->[:react-native-callkeep] AndroidManifest.xml:13:5-77
53-->[:react-native-callkeep] AndroidManifest.xml:13:22-74
54    <uses-permission android:name="android.permission.MANAGE_OWN_CALLS" />
54-->[:react-native-callkeep] AndroidManifest.xml:14:5-75
54-->[:react-native-callkeep] AndroidManifest.xml:14:22-72
55    <uses-permission android:name="android.permission.USE_BIOMETRIC" />
55-->[:react-native-sensitive-info] AndroidManifest.xml:9:5-72
55-->[:react-native-sensitive-info] AndroidManifest.xml:9:22-69
56    <uses-permission android:name="android.permission.POST_NOTIFICATIONS" /> <!-- Required by older versions of Google Play services to create IID tokens -->
56-->[com.google.firebase:firebase-messaging:23.0.7] AndroidManifest.xml:26:5-77
56-->[com.google.firebase:firebase-messaging:23.0.7] AndroidManifest.xml:26:22-74
57    <uses-permission android:name="com.google.android.c2dm.permission.RECEIVE" />
57-->[com.google.firebase:firebase-messaging:23.0.7] AndroidManifest.xml:29:5-82
57-->[com.google.firebase:firebase-messaging:23.0.7] AndroidManifest.xml:29:22-79
58    <uses-permission android:name="com.google.android.gms.permission.AD_ID" />
58-->[com.google.android.gms:play-services-measurement-api:21.1.0] AndroidManifest.xml:25:5-79
58-->[com.google.android.gms:play-services-measurement-api:21.1.0] AndroidManifest.xml:25:22-76
59    <uses-permission android:name="android.permission.CHANGE_NETWORK_STATE" />
59-->[com.voximplant:voximplant-sdk:2.32.4] AndroidManifest.xml:11:5-79
59-->[com.voximplant:voximplant-sdk:2.32.4] AndroidManifest.xml:11:22-76
60    <uses-permission android:name="com.google.android.finsky.permission.BIND_GET_INSTALL_REFERRER_SERVICE" />
60-->[com.google.android.gms:play-services-measurement:21.1.0] AndroidManifest.xml:26:5-110
60-->[com.google.android.gms:play-services-measurement:21.1.0] AndroidManifest.xml:26:22-107
61    <uses-permission android:name="android.permission.USE_FULL_SCREEN_INTENT" />
61-->[app.notifee:core:202108261754] AndroidManifest.xml:15:5-81
61-->[app.notifee:core:202108261754] AndroidManifest.xml:15:22-78
62    <uses-permission android:name="android.permission.SCHEDULE_EXACT_ALARM" />
62-->[app.notifee:core:202108261754] AndroidManifest.xml:16:5-79
62-->[app.notifee:core:202108261754] AndroidManifest.xml:16:22-76
63    <uses-permission
63-->[app.notifee:core:202108261754] AndroidManifest.xml:17:5-19:38
64        android:name="android.permission.BROADCAST_CLOSE_SYSTEM_DIALOGS"
64-->[app.notifee:core:202108261754] AndroidManifest.xml:18:9-73
65        android:maxSdkVersion="30" /> <!-- For Xiaomi devices to enable heads-up notifications as default (https://github.com/invertase/notifee/issues/296) -->
65-->[app.notifee:core:202108261754] AndroidManifest.xml:19:9-35
66    <uses-permission
66-->[app.notifee:core:202108261754] AndroidManifest.xml:21:5-23:38
67        android:name="android.permission.ACCESS_NOTIFICATION_POLICY"
67-->[app.notifee:core:202108261754] AndroidManifest.xml:22:9-69
68        android:minSdkVersion="23" /> <!-- for android -->
68-->[app.notifee:core:202108261754] AndroidManifest.xml:23:9-35
69    <!-- <uses-permission android:name="com.android.launcher.permission.READ_SETTINGS"/> -->
70    <!-- <uses-permission android:name="com.android.launcher.permission.WRITE_SETTINGS"/> -->
71    <!-- <uses-permission android:name="com.android.launcher.permission.INSTALL_SHORTCUT" /> -->
72    <!-- <uses-permission android:name="com.android.launcher.permission.UNINSTALL_SHORTCUT" /> -->
73    <!-- for Samsung -->
74    <uses-permission android:name="com.sec.android.provider.badge.permission.READ" />
74-->[me.leolin:ShortcutBadger:1.1.22] AndroidManifest.xml:19:5-86
74-->[me.leolin:ShortcutBadger:1.1.22] AndroidManifest.xml:19:22-83
75    <uses-permission android:name="com.sec.android.provider.badge.permission.WRITE" /> <!-- for htc -->
75-->[me.leolin:ShortcutBadger:1.1.22] AndroidManifest.xml:20:5-87
75-->[me.leolin:ShortcutBadger:1.1.22] AndroidManifest.xml:20:22-84
76    <uses-permission android:name="com.htc.launcher.permission.READ_SETTINGS" />
76-->[me.leolin:ShortcutBadger:1.1.22] AndroidManifest.xml:23:5-81
76-->[me.leolin:ShortcutBadger:1.1.22] AndroidManifest.xml:23:22-78
77    <uses-permission android:name="com.htc.launcher.permission.UPDATE_SHORTCUT" /> <!-- for sony -->
77-->[me.leolin:ShortcutBadger:1.1.22] AndroidManifest.xml:24:5-83
77-->[me.leolin:ShortcutBadger:1.1.22] AndroidManifest.xml:24:22-80
78    <uses-permission android:name="com.sonyericsson.home.permission.BROADCAST_BADGE" />
78-->[me.leolin:ShortcutBadger:1.1.22] AndroidManifest.xml:27:5-88
78-->[me.leolin:ShortcutBadger:1.1.22] AndroidManifest.xml:27:22-85
79    <uses-permission android:name="com.sonymobile.home.permission.PROVIDER_INSERT_BADGE" /> <!-- for apex -->
79-->[me.leolin:ShortcutBadger:1.1.22] AndroidManifest.xml:28:5-92
79-->[me.leolin:ShortcutBadger:1.1.22] AndroidManifest.xml:28:22-89
80    <uses-permission android:name="com.anddoes.launcher.permission.UPDATE_COUNT" /> <!-- for solid -->
80-->[me.leolin:ShortcutBadger:1.1.22] AndroidManifest.xml:31:5-84
80-->[me.leolin:ShortcutBadger:1.1.22] AndroidManifest.xml:31:22-81
81    <uses-permission android:name="com.majeur.launcher.permission.UPDATE_BADGE" /> <!-- for huawei -->
81-->[me.leolin:ShortcutBadger:1.1.22] AndroidManifest.xml:34:5-83
81-->[me.leolin:ShortcutBadger:1.1.22] AndroidManifest.xml:34:22-80
82    <uses-permission android:name="com.huawei.android.launcher.permission.CHANGE_BADGE" />
82-->[me.leolin:ShortcutBadger:1.1.22] AndroidManifest.xml:37:5-91
82-->[me.leolin:ShortcutBadger:1.1.22] AndroidManifest.xml:37:22-88
83    <uses-permission android:name="com.huawei.android.launcher.permission.READ_SETTINGS" />
83-->[me.leolin:ShortcutBadger:1.1.22] AndroidManifest.xml:38:5-92
83-->[me.leolin:ShortcutBadger:1.1.22] AndroidManifest.xml:38:22-89
84    <uses-permission android:name="com.huawei.android.launcher.permission.WRITE_SETTINGS" /> <!-- for ZUK -->
84-->[me.leolin:ShortcutBadger:1.1.22] AndroidManifest.xml:39:5-93
84-->[me.leolin:ShortcutBadger:1.1.22] AndroidManifest.xml:39:22-90
85    <uses-permission android:name="android.permission.READ_APP_BADGE" /> <!-- for OPPO -->
85-->[me.leolin:ShortcutBadger:1.1.22] AndroidManifest.xml:42:5-73
85-->[me.leolin:ShortcutBadger:1.1.22] AndroidManifest.xml:42:22-70
86    <uses-permission android:name="com.oppo.launcher.permission.READ_SETTINGS" />
86-->[me.leolin:ShortcutBadger:1.1.22] AndroidManifest.xml:45:5-82
86-->[me.leolin:ShortcutBadger:1.1.22] AndroidManifest.xml:45:22-79
87    <uses-permission android:name="com.oppo.launcher.permission.WRITE_SETTINGS" /> <!-- for EvMe -->
87-->[me.leolin:ShortcutBadger:1.1.22] AndroidManifest.xml:46:5-83
87-->[me.leolin:ShortcutBadger:1.1.22] AndroidManifest.xml:46:22-80
88    <uses-permission android:name="me.everything.badger.permission.BADGE_COUNT_READ" />
88-->[me.leolin:ShortcutBadger:1.1.22] AndroidManifest.xml:49:5-88
88-->[me.leolin:ShortcutBadger:1.1.22] AndroidManifest.xml:49:22-85
89    <uses-permission android:name="me.everything.badger.permission.BADGE_COUNT_WRITE" />
89-->[me.leolin:ShortcutBadger:1.1.22] AndroidManifest.xml:50:5-89
89-->[me.leolin:ShortcutBadger:1.1.22] AndroidManifest.xml:50:22-86
90
91    <application
91-->src\main\AndroidManifest.xml:46:5-103:19
92        android:name="com.slmeet.MainApplication"
92-->src\main\AndroidManifest.xml:47:7-38
93        android:allowBackup="false"
93-->src\main\AndroidManifest.xml:51:7-34
94        android:appComponentFactory="androidx.core.app.CoreComponentFactory"
94-->[androidx.core:core:1.6.0] AndroidManifest.xml:24:18-86
95        android:debuggable="true"
96        android:extractNativeLibs="false"
97        android:icon="@mipmap/ic_launcher"
97-->src\main\AndroidManifest.xml:49:7-41
98        android:label="@string/app_name"
98-->src\main\AndroidManifest.xml:48:7-39
99        android:roundIcon="@mipmap/ic_launcher_round"
99-->src\main\AndroidManifest.xml:50:7-52
100        android:theme="@style/AppTheme"
100-->src\main\AndroidManifest.xml:52:7-38
101        android:usesCleartextTraffic="true" >
101-->src\debug\AndroidManifest.xml:8:9-44
102        <activity
102-->src\debug\AndroidManifest.xml:11:9-111
103            android:name="com.facebook.react.devsupport.DevSettingsActivity"
103-->src\debug\AndroidManifest.xml:11:19-83
104            android:exported="false" />
104-->src\debug\AndroidManifest.xml:11:84-108
105        <activity
105-->src\main\AndroidManifest.xml:53:7-64:18
106            android:name="com.slmeet.MainActivity"
106-->src\main\AndroidManifest.xml:54:9-37
107            android:configChanges="keyboard|keyboardHidden|orientation|screenLayout|screenSize|smallestScreenSize|uiMode"
107-->src\main\AndroidManifest.xml:56:9-118
108            android:exported="true"
108-->src\main\AndroidManifest.xml:59:9-32
109            android:label="@string/app_name"
109-->src\main\AndroidManifest.xml:55:9-41
110            android:launchMode="singleTask"
110-->src\main\AndroidManifest.xml:57:9-40
111            android:windowSoftInputMode="adjustResize" >
111-->src\main\AndroidManifest.xml:58:9-51
112            <intent-filter>
112-->src\main\AndroidManifest.xml:60:9-63:25
113                <action android:name="android.intent.action.MAIN" />
113-->src\main\AndroidManifest.xml:61:13-65
113-->src\main\AndroidManifest.xml:61:21-62
114
115                <category android:name="android.intent.category.LAUNCHER" />
115-->src\main\AndroidManifest.xml:62:13-73
115-->src\main\AndroidManifest.xml:62:23-70
116            </intent-filter>
117        </activity>
118
119        <service
119-->src\main\AndroidManifest.xml:65:7-73:17
120            android:name="io.wazo.callkeep.VoiceConnectionService"
120-->src\main\AndroidManifest.xml:65:16-70
121            android:exported="false"
121-->src\main\AndroidManifest.xml:67:9-33
122            android:label="Wazo"
122-->src\main\AndroidManifest.xml:66:9-29
123            android:permission="android.permission.BIND_TELECOM_CONNECTION_SERVICE" >
123-->src\main\AndroidManifest.xml:69:9-80
124            <intent-filter>
124-->src\main\AndroidManifest.xml:70:9-72:25
125                <action android:name="android.telecom.ConnectionService" />
125-->src\main\AndroidManifest.xml:71:13-72
125-->src\main\AndroidManifest.xml:71:21-69
126            </intent-filter>
127        </service> <!-- Change the value to true to enable pop-up for in foreground on receiving remote notifications (for prevent duplicating while showing local notifications set this to false) -->
128        <meta-data
128-->src\main\AndroidManifest.xml:75:9-76:44
129            android:name="com.dieam.reactnativepushnotification.notification_foreground"
129-->src\main\AndroidManifest.xml:75:21-97
130            android:value="false" /> <!-- Change the resource name to your App's accent color - or any other color you want -->
130-->src\main\AndroidManifest.xml:76:21-42
131        <meta-data
131-->src\main\AndroidManifest.xml:78:9-79:54
132            android:name="com.dieam.reactnativepushnotification.notification_color"
132-->src\main\AndroidManifest.xml:78:21-92
133            android:resource="@color/white" /> <!-- or @android:color/{name} to use a standard color -->
133-->src\main\AndroidManifest.xml:79:21-52
134        <receiver
134-->src\main\AndroidManifest.xml:81:9-82:34
135            android:name="com.dieam.reactnativepushnotification.modules.RNPushNotificationActions"
135-->src\main\AndroidManifest.xml:81:19-105
136            android:exported="false" />
136-->src\main\AndroidManifest.xml:81:107-131
137        <receiver
137-->src\main\AndroidManifest.xml:83:9-84:34
138            android:name="com.dieam.reactnativepushnotification.modules.RNPushNotificationPublisher"
138-->src\main\AndroidManifest.xml:83:19-107
139            android:exported="false" />
139-->src\main\AndroidManifest.xml:83:109-133
140        <receiver
140-->src\main\AndroidManifest.xml:85:9-93:20
141            android:name="com.dieam.reactnativepushnotification.modules.RNPushNotificationBootEventReceiver"
141-->src\main\AndroidManifest.xml:85:19-115
142            android:exported="false" >
142-->src\main\AndroidManifest.xml:86:10-34
143            <intent-filter>
143-->src\main\AndroidManifest.xml:88:13-92:29
144                <action android:name="android.intent.action.BOOT_COMPLETED" />
144-->src\main\AndroidManifest.xml:89:17-79
144-->src\main\AndroidManifest.xml:89:25-76
145                <action android:name="android.intent.action.QUICKBOOT_POWERON" />
145-->src\main\AndroidManifest.xml:90:17-82
145-->src\main\AndroidManifest.xml:90:25-79
146                <action android:name="com.htc.intent.action.QUICKBOOT_POWERON" />
146-->src\main\AndroidManifest.xml:91:17-81
146-->src\main\AndroidManifest.xml:91:25-79
147            </intent-filter>
148        </receiver>
149
150        <service
150-->src\main\AndroidManifest.xml:95:9-102:19
151            android:name="com.dieam.reactnativepushnotification.modules.RNPushNotificationListenerService"
151-->src\main\AndroidManifest.xml:96:13-107
152            android:exported="false" >
152-->src\main\AndroidManifest.xml:97:13-37
153            <intent-filter>
153-->src\main\AndroidManifest.xml:99:13-101:29
154                <action android:name="com.google.firebase.MESSAGING_EVENT" />
154-->src\main\AndroidManifest.xml:100:17-78
154-->src\main\AndroidManifest.xml:100:25-75
155            </intent-filter>
156        </service>
157
158        <provider
158-->[:notifee_react-native] AndroidManifest.xml:10:9-14:40
159            android:name="io.invertase.notifee.NotifeeInitProvider"
159-->[:notifee_react-native] AndroidManifest.xml:11:13-68
160            android:authorities="com.slmeet.notifee-init-provider"
160-->[:notifee_react-native] AndroidManifest.xml:12:13-73
161            android:exported="false"
161-->[:notifee_react-native] AndroidManifest.xml:13:13-37
162            android:initOrder="-100" />
162-->[:notifee_react-native] AndroidManifest.xml:14:13-37
163
164        <service
164-->[:react-native-firebase_messaging] AndroidManifest.xml:14:9-16:40
165            android:name="io.invertase.firebase.messaging.ReactNativeFirebaseMessagingHeadlessService"
165-->[:react-native-firebase_messaging] AndroidManifest.xml:15:13-103
166            android:exported="false" />
166-->[:react-native-firebase_messaging] AndroidManifest.xml:16:13-37
167        <service
167-->[:react-native-firebase_messaging] AndroidManifest.xml:17:9-23:19
168            android:name="io.invertase.firebase.messaging.ReactNativeFirebaseMessagingService"
168-->[:react-native-firebase_messaging] AndroidManifest.xml:18:13-95
169            android:exported="false" >
169-->[:react-native-firebase_messaging] AndroidManifest.xml:19:13-37
170            <intent-filter>
170-->src\main\AndroidManifest.xml:99:13-101:29
171                <action android:name="com.google.firebase.MESSAGING_EVENT" />
171-->src\main\AndroidManifest.xml:100:17-78
171-->src\main\AndroidManifest.xml:100:25-75
172            </intent-filter>
173        </service>
174
175        <receiver
175-->[:react-native-firebase_messaging] AndroidManifest.xml:25:9-32:20
176            android:name="io.invertase.firebase.messaging.ReactNativeFirebaseMessagingReceiver"
176-->[:react-native-firebase_messaging] AndroidManifest.xml:26:13-96
177            android:exported="true"
177-->[:react-native-firebase_messaging] AndroidManifest.xml:27:13-36
178            android:permission="com.google.android.c2dm.permission.SEND" >
178-->[:react-native-firebase_messaging] AndroidManifest.xml:28:13-73
179            <intent-filter>
179-->[:react-native-firebase_messaging] AndroidManifest.xml:29:13-31:29
180                <action android:name="com.google.android.c2dm.intent.RECEIVE" />
180-->[:react-native-firebase_messaging] AndroidManifest.xml:30:17-81
180-->[:react-native-firebase_messaging] AndroidManifest.xml:30:25-78
181            </intent-filter>
182        </receiver>
183
184        <meta-data
184-->[:react-native-firebase_messaging] AndroidManifest.xml:34:9-36:36
185            android:name="firebase_messaging_auto_init_enabled"
185-->[:react-native-firebase_messaging] AndroidManifest.xml:35:13-64
186            android:value="true" />
186-->[:react-native-firebase_messaging] AndroidManifest.xml:36:13-33
187        <meta-data
187-->[:react-native-firebase_messaging] AndroidManifest.xml:37:9-39:32
188            android:name="com.google.firebase.messaging.default_notification_channel_id"
188-->[:react-native-firebase_messaging] AndroidManifest.xml:38:13-89
189            android:value="" />
189-->[:react-native-firebase_messaging] AndroidManifest.xml:39:13-29
190        <meta-data
190-->[:react-native-firebase_messaging] AndroidManifest.xml:40:9-42:47
191            android:name="com.google.firebase.messaging.default_notification_color"
191-->[:react-native-firebase_messaging] AndroidManifest.xml:41:13-84
192            android:resource="@color/white" />
192-->[:react-native-firebase_messaging] AndroidManifest.xml:42:13-44
193        <meta-data
193-->[:react-native-firebase_app] AndroidManifest.xml:11:9-13:36
194            android:name="app_data_collection_default_enabled"
194-->[:react-native-firebase_app] AndroidManifest.xml:12:13-63
195            android:value="true" />
195-->[:react-native-firebase_app] AndroidManifest.xml:13:13-33
196
197        <service
197-->[:react-native-firebase_app] AndroidManifest.xml:15:9-23:19
198            android:name="com.google.firebase.components.ComponentDiscoveryService"
198-->[:react-native-firebase_app] AndroidManifest.xml:16:13-84
199            android:directBootAware="true"
199-->[:react-native-firebase_app] AndroidManifest.xml:17:13-43
200            android:exported="false" >
200-->[:react-native-firebase_app] AndroidManifest.xml:18:13-37
201            <meta-data
201-->[:react-native-firebase_app] AndroidManifest.xml:20:13-22:85
202                android:name="com.google.firebase.components:io.invertase.firebase.app.ReactNativeFirebaseAppRegistrar"
202-->[:react-native-firebase_app] AndroidManifest.xml:21:17-120
203                android:value="com.google.firebase.components.ComponentRegistrar" />
203-->[:react-native-firebase_app] AndroidManifest.xml:22:17-82
204            <meta-data
204-->[com.google.firebase:firebase-messaging:23.0.7] AndroidManifest.xml:56:13-58:85
205                android:name="com.google.firebase.components:com.google.firebase.messaging.FirebaseMessagingRegistrar"
205-->[com.google.firebase:firebase-messaging:23.0.7] AndroidManifest.xml:57:17-119
206                android:value="com.google.firebase.components.ComponentRegistrar" />
206-->[com.google.firebase:firebase-messaging:23.0.7] AndroidManifest.xml:58:17-82
207            <meta-data
207-->[com.google.firebase:firebase-datatransport:18.1.5] AndroidManifest.xml:28:13-30:85
208                android:name="com.google.firebase.components:com.google.firebase.datatransport.TransportRegistrar"
208-->[com.google.firebase:firebase-datatransport:18.1.5] AndroidManifest.xml:29:17-115
209                android:value="com.google.firebase.components.ComponentRegistrar" />
209-->[com.google.firebase:firebase-datatransport:18.1.5] AndroidManifest.xml:30:17-82
210            <meta-data
210-->[com.google.android.gms:play-services-measurement-api:21.1.0] AndroidManifest.xml:31:13-33:85
211                android:name="com.google.firebase.components:com.google.firebase.analytics.connector.internal.AnalyticsConnectorRegistrar"
211-->[com.google.android.gms:play-services-measurement-api:21.1.0] AndroidManifest.xml:32:17-139
212                android:value="com.google.firebase.components.ComponentRegistrar" />
212-->[com.google.android.gms:play-services-measurement-api:21.1.0] AndroidManifest.xml:33:17-82
213            <meta-data
213-->[com.google.firebase:firebase-installations:17.0.1] AndroidManifest.xml:18:13-20:85
214                android:name="com.google.firebase.components:com.google.firebase.installations.FirebaseInstallationsRegistrar"
214-->[com.google.firebase:firebase-installations:17.0.1] AndroidManifest.xml:19:17-127
215                android:value="com.google.firebase.components.ComponentRegistrar" />
215-->[com.google.firebase:firebase-installations:17.0.1] AndroidManifest.xml:20:17-82
216        </service>
217
218        <provider
218-->[:react-native-firebase_app] AndroidManifest.xml:25:9-29:38
219            android:name="io.invertase.firebase.app.ReactNativeFirebaseAppInitProvider"
219-->[:react-native-firebase_app] AndroidManifest.xml:26:13-88
220            android:authorities="com.slmeet.reactnativefirebaseappinitprovider"
220-->[:react-native-firebase_app] AndroidManifest.xml:27:13-86
221            android:exported="false"
221-->[:react-native-firebase_app] AndroidManifest.xml:28:13-37
222            android:initOrder="99" />
222-->[:react-native-firebase_app] AndroidManifest.xml:29:13-35
223
224        <receiver
224-->[com.google.firebase:firebase-messaging:23.0.7] AndroidManifest.xml:32:9-39:20
225            android:name="com.google.firebase.iid.FirebaseInstanceIdReceiver"
225-->[com.google.firebase:firebase-messaging:23.0.7] AndroidManifest.xml:33:13-78
226            android:exported="true"
226-->[com.google.firebase:firebase-messaging:23.0.7] AndroidManifest.xml:34:13-36
227            android:permission="com.google.android.c2dm.permission.SEND" >
227-->[com.google.firebase:firebase-messaging:23.0.7] AndroidManifest.xml:35:13-73
228            <intent-filter>
228-->[:react-native-firebase_messaging] AndroidManifest.xml:29:13-31:29
229                <action android:name="com.google.android.c2dm.intent.RECEIVE" />
229-->[:react-native-firebase_messaging] AndroidManifest.xml:30:17-81
229-->[:react-native-firebase_messaging] AndroidManifest.xml:30:25-78
230            </intent-filter>
231        </receiver>
232        <!--
233             FirebaseMessagingService performs security checks at runtime,
234             but set to not exported to explicitly avoid allowing another app to call it.
235        -->
236        <service
236-->[com.google.firebase:firebase-messaging:23.0.7] AndroidManifest.xml:45:9-52:19
237            android:name="com.google.firebase.messaging.FirebaseMessagingService"
237-->[com.google.firebase:firebase-messaging:23.0.7] AndroidManifest.xml:46:13-82
238            android:directBootAware="true"
238-->[com.google.firebase:firebase-messaging:23.0.7] AndroidManifest.xml:47:13-43
239            android:exported="false" >
239-->[com.google.firebase:firebase-messaging:23.0.7] AndroidManifest.xml:48:13-37
240            <intent-filter android:priority="-500" >
240-->src\main\AndroidManifest.xml:99:13-101:29
241                <action android:name="com.google.firebase.MESSAGING_EVENT" />
241-->src\main\AndroidManifest.xml:100:17-78
241-->src\main\AndroidManifest.xml:100:25-75
242            </intent-filter>
243        </service>
244        <service
244-->[com.google.android.datatransport:transport-backend-cct:3.1.6] AndroidManifest.xml:29:9-35:19
245            android:name="com.google.android.datatransport.runtime.backends.TransportBackendDiscovery"
245-->[com.google.android.datatransport:transport-backend-cct:3.1.6] AndroidManifest.xml:30:13-103
246            android:exported="false" >
246-->[com.google.android.datatransport:transport-backend-cct:3.1.6] AndroidManifest.xml:31:13-37
247            <meta-data
247-->[com.google.android.datatransport:transport-backend-cct:3.1.6] AndroidManifest.xml:32:13-34:39
248                android:name="backend:com.google.android.datatransport.cct.CctBackendFactory"
248-->[com.google.android.datatransport:transport-backend-cct:3.1.6] AndroidManifest.xml:33:17-94
249                android:value="cct" />
249-->[com.google.android.datatransport:transport-backend-cct:3.1.6] AndroidManifest.xml:34:17-36
250        </service>
251        <service
251-->[com.google.android.datatransport:transport-runtime:3.1.6] AndroidManifest.xml:26:9-30:19
252            android:name="com.google.android.datatransport.runtime.scheduling.jobscheduling.JobInfoSchedulerService"
252-->[com.google.android.datatransport:transport-runtime:3.1.6] AndroidManifest.xml:27:13-117